Arquivo de dados: d://Estabilidade//Exemplo1f.dad
2 15 700.0 2.0
"A" 50.0 21000.0 2.5
5 2
400.0 -70.0 800.0 0.15
-15.0 -12.5
15.0 -12.5
15.0 12.5
-15.0 12.5
-15.0 -12.5
0.0 -10.23 14.78
0.0 10.23 14.78
5 2
0.0 0.0 0.0 0.1607
-18.0 -12.5
18.0 -12.5
18.0 12.5
-18.0 12.5
-18.0 -12.5
0.0 -10.23 17.73
0.0 10.23 17.73
5 2
0.0 0.0 0.0 0.1714
-21.0 -12.5
21.0 -12.5
21.0 12.5
-21.0 12.5
-21.0 -12.5
0.0 -10.23 20.69
0.0 10.23 20.69
5 2
0.0 0.0 0.0 0.1821
-24.0 -12.5
24.0 -12.5
24.0 12.5
-24.0 12.5
-24.0 -12.5
0.0 -10.23 23.64
0.0 10.23 23.64
5 2
0.0 0.0 0.0 0.1929
-27.0 -12.5
27.0 -12.5
27.0 12.5
-27.0 12.5
-27.0 -12.5
0.0 -10.23 26.6
0.0 10.23 26.6
5 2
0.0 0.0 0.0 0.2036
-30.0 -12.5
30.0 -12.5
30.0 12.5
-30.0 12.5
-30.0 -12.5
0.0 -10.23 29.55
0.0 10.23 29.55
5 2
0.0 0.0 0.0 0.2143
-30.0 -12.5
30.0 -12.5
30.0 12.5
-30.0 12.5
-30.0 -12.5
0.0 -10.23 29.55
0.0 10.23 29.55
5 2
0.0 0.0 0.0 0.225
-30.0 -12.5
30.0 -12.5
30.0 12.5
-30.0 12.5
-30.0 -12.5
0.0 -10.23 29.55
0.0 10.23 29.55
5 2
0.0 0.0 0.0 0.2357
-30.0 -12.5
30.0 -12.5
30.0 12.5
-30.0 12.5
-30.0 -12.5
0.0 -10.23 29.55
0.0 10.23 29.55
5 2
0.0 0.0 0.0 0.2464
-30.0 -12.5
30.0 -12.5
30.0 12.5
-30.0 12.5
-30.0 -12.5
0.0 -10.23 29.55
0.0 10.23 29.55
5 2
0.0 0.0 0.0 0.2571
-27.0 -12.5
27.0 -12.5
27.0 12.5
-27.0 12.5
-27.0 -12.5
0.0 -10.23 26.6
0.0 10.23 26.6
5 2
0.0 0.0 0.0 0.2679
-24.0 -12.5
24.0 -12.5
24.0 12.5
-24.0 12.5
-24.0 -12.5
0.0 -10.23 23.64
0.0 10.23 23.64
5 2
0.0 0.0 0.0 0.2786
-21.0 -12.5
21.0 -12.5
21.0 12.5
-21.0 12.5
-21.0 -12.5
0.0 -10.23 20.69
0.0 10.23 20.69
5 2
0.0 0.0 0.0 0.2893
-18.0 -12.5
18.0 -12.5
18.0 12.5
-18.0 12.5
-18.0 -12.5
0.0 -10.23 17.73
0.0 10.23 17.73
5 2
0.0 0.0 0.0 0.3
-15.0 -12.5
15.0 -12.5
15.0 12.5
-15.0 12.5
-15.0 -12.5
0.0 -10.23 14.78
0.0 10.23 14.78
